2019-04-26 16:04:47.8558 [DEBUG] Scene Fusion version 1.8.2-2
2019-04-26 16:04:47.8778 [INFO] Setting define symbol SCENE_FUSION
2019-04-26 16:04:52.5470 [DEBUG] Scene Fusion version 1.8.2-2
2019-04-26 16:06:47.3467 [INFO] Launching Session: SampleScene
2019-04-26 16:06:51.1577 [DEBUG] Connecting
2019-04-26 16:06:51.1767 [DEBUG] Connecting to room (94860:SceneFusion:SceneFusion) via TCP at roommanager-ec2-18-228-191-46.kinematicsoup.com:21312
2019-04-26 16:17:29.2039 [DEBUG] Sent F:/Unity Portfolio/LDJam44/KSEditorLogs/SessionLogs/session.94860-636918916112437957.log
2019-04-26 16:17:42.6930 [INFO] Launching Session: SampleScene
2019-04-26 16:17:48.0227 [DEBUG] Connecting
2019-04-26 16:17:48.0297 [DEBUG] Connecting to room (94861:SceneFusion:SceneFusion) via TCP at roommanager-vps230018.kinematicsoup.com:21312
2019-04-26 16:34:00.9648 [DEBUG] Sent F:/Unity Portfolio/LDJam44/KSEditorLogs/SessionLogs/session.94861-636918922681988969.log
2019-04-26 17:23:14.1263 [DEBUG] Scene Fusion version 1.8.2-2
2019-04-26 19:01:00.6286 [DEBUG] Scene Fusion version 1.8.2-2
2019-04-26 19:01:18.7049 [DEBUG] Scene Fusion version 1.8.2-2
2019-04-26 19:28:36.3627 [ERROR] NullReferenceException: Object reference not set to an instance of an object
UnityEditor.GameObjectInspector.ClearPreviewCache () (at C:/buildslave/unity/build/Editor/Mono/Inspector/GameObjectInspector.cs:201)
UnityEditor.GameObjectInspector.OnDisable () (at C:/buildslave/unity/build/Editor/Mono/Inspector/GameObjectInspector.cs:189)
UnityEngine.Object:DestroyImmediate(Object)
KS.SceneFusion.Client.Editor.OverrideEditor:OnDisable()
KS.SceneFusion.Client.Editor.GameObjectEditor:OnDisable()

2019-04-26 19:28:39.5686 [DEBUG] Scene Fusion version 1.8.2-2
2019-04-26 19:28:39.6877 [DEBUG] Play mode: True, sync in play mode: False
2019-04-26 19:28:54.1295 [DEBUG] Play mode: False
2019-04-26 20:21:44.1002 [DEBUG] Scene Fusion version 1.8.2-2
2019-04-26 20:21:56.7980 [DEBUG] Scene Fusion version 1.8.2-2
